<?xml version="1.0" encoding="UTF-8"?>
<!-- Generated by org.testng.reporters.JUnitReportReporter -->
<testsuite hostname="Saadhvi-Testing" failures="0" tests="1" name="com.Interview.TestCases.AirAsia" time="19.830" errors="0" timestamp="14 Oct 2019 13:17:36 GMT" skipped="0">
  <testcase classname="com.Interview.TestCases.AirAsia" name="AirAsia" time="19.830"/>
</testsuite> <!-- com.Interview.TestCases.AirAsia -->
