<?xml version="1.0" encoding="UTF-8"?>
<!-- Generated by org.testng.reporters.JUnitReportReporter -->
<testsuite hostname="Saadhvi-Testing" failures="0" tests="1" name="com.Interview.TestCases.JcPenny" time="14.834" errors="0" timestamp="17 Oct 2019 15:05:03 GMT" skipped="0">
  <testcase classname="com.Interview.TestCases.JcPenny" name="JcPennytest" time="14.834"/>
</testsuite> <!-- com.Interview.TestCases.JcPenny -->
