<?xml version="1.0" encoding="UTF-8"?>
<!-- Generated by org.testng.reporters.JUnitReportReporter -->
<testsuite hostname="Saadhvi-Testing" failures="0" tests="1" name="com.Interview.TestCases.testCase" time="4.197" errors="0" timestamp="14 Oct 2019 12:29:33 GMT" skipped="0">
  <testcase classname="com.Interview.TestCases.testCase" name="FlipkartTest1" time="4.197"/>
</testsuite> <!-- com.Interview.TestCases.testCase -->
