<?xml version="1.0" encoding="UTF-8"?>
<!-- Generated by org.testng.reporters.JUnitReportReporter -->
<testsuite skipped="0" hostname="shatish-Lenovo-E41-25" name="com.Interview.TestCases.testCase" tests="1" failures="0" timestamp="12 Oct 2019 09:55:00 GMT" time="8.297" errors="0">
  <testcase name="FlipkartTest1" time="8.297" classname="com.Interview.TestCases.testCase"/>
</testsuite> <!-- com.Interview.TestCases.testCase -->
